<?xml version="1.0" encoding="UTF-8"?>
<!-- Generated by org.testng.reporters.JUnitReportReporter -->
<testsuite hostname="mienpc" failures="0" tests="2" name="test.xPathAxes" time="0.226" errors="0" timestamp="2023-09-27T20:30:45 ICT" skipped="0">
  <testcase classname="test.xPathAxes" name="FindPrecedingSibling" time="0.175"/>
  <system-out/>
  <testcase classname="test.xPathAxes" name="FindFollowingSibling" time="0.051"/>
  <system-out/>
</testsuite> <!-- test.xPathAxes -->
