<?xml version="1.0" encoding="UTF-8"?>
<!-- Generated by org.testng.reporters.JUnitReportReporter -->
<testsuite hostname="mienpc" failures="0" tests="1" name="test.TestNG1" time="70.057" errors="0" timestamp="2023-09-30T10:01:58 ICT" skipped="0">
  <testcase classname="test.TestNG1" name="CheckUserInformation" time="70.057"/>
  <system-out/>
</testsuite> <!-- test.TestNG1 -->
