<?xml version="1.0" encoding="UTF-8"?>
<!-- Generated by org.testng.reporters.JUnitReportReporter -->
<testsuite hostname="mienpc" failures="0" tests="2" name="test.Homework11" time="12.309" errors="0" timestamp="2023-09-27T21:08:19 ICT" skipped="0">
  <testcase classname="test.Homework11" name="Part1" time="8.565"/>
  <system-out/>
  <testcase classname="test.Homework11" name="Part2" time="3.744"/>
  <system-out/>
</testsuite> <!-- test.Homework11 -->
