<?xml version="1.0" encoding="UTF-8"?>
<!-- Generated by org.testng.reporters.JUnitReportReporter -->
<testsuite hostname="LAP-DELL-04" failures="0" tests="1" name="test.TestNG1" time="10.635" errors="0" timestamp="2023-09-20T21:34:49 ICT" skipped="0">
  <testcase classname="test.TestNG1" name="FillDataForHomework10_2" time="10.635"/>
  <system-out/>
</testsuite> <!-- test.TestNG1 -->
